---
  0 debug pnpm:scope: 
    selected: 1
    workspacePrefix: null
  1 info pnpm: 
    message: "A store server is running. All store manipulations are delegated to it."
    prefix: "/app"
  2 debug pnpm:package-json: 
    initial: 
      //1: "describes your app and its dependencies"
      //2: "https://docs.npmjs.com/files/package.json"
      //3: "updating this file will download and update your packages"
      name: "hello-express"
      version: "0.0.1"
      description: "A simple Node app built on Express, instantly up and running."
      main: "index.js"
      scripts: 
        start: "node index.js"
      dependencies: 
        array-sort: "^1.0.0"
        better-sqlite3: "^7.1.0"
        bootstrap: "^4.5.3"
        canvas: "^2.6.1"
        canvas-constructor: "^4.1.0"
        chalk: "^4.1.0"
        cleverbot.io: "^1.0.4"
        cli-table: "^0.3.1"
        common-tags: "^1.8.0"
        cowsay: "^1.4.0"
        cpu-stat: "^2.0.1"
        db-system: "^0.0.34"
        dblapi.js: "^2.4.1"
        discord-anti-spam-tr: "^0.7.4"
        discord.js: "^12.5.1"
        discord.js-music-v11: "^1.3.4"
        discord.js-sharder: "^1.0.6"
        ejs: "^3.1.5"
        express: "^4.17.1"
        express-session: "^1.17.1"
        ffmpeg: "^0.0.4"
        ffmpeg-binaries: "^4.0.0"
        figlet: "^1.5.0"
        fortnite: "^4.3.2"
        fortnitetracker-7days-stats: "^3.3.0"
        funny-words: "^0.1.2"
        generate-password: "^1.5.0"
        gifencoder: "^2.0.1"
        google-tts-api: "^0.0.5"
        hastebin-gen: "^2.0.5"
        helmet: "^4.2.0"
        inquirer: "^7.3.3"
        instagram-user: "^2.0.1"
        isgd: "^1.1.3"
        jimp: "^0.16.1"
        json-server: "^0.16.2"
        level: "^6.0.1"
        level-session-store: "^2.2.0"
        marked: "^1.2.5"
        math-expression-evaluator: "^1.3.1"
        mc-ping-updated: "^0.1.1"
        moment: "^2.29.1"
        moment-duration-format: "^2.3.2"
        news-text: "^3.0.0"
        node-google-translate-skidz: "^1.1.2"
        node-superfetch: "^0.1.10"
        npm: "^7.0.14"
        opusscript: "^0.0.7"
        parse-ms: "^2.1.0"
        pass: "^0.2.0"
        passport: "^0.4.1"
        passport-discord: "^0.1.4"
        path: "^0.12.7"
        performance-now: "^2.1.0"
        pokedex-api: "^1.1.2"
        q: "^2.0.3"
        qrcode: "^1.4.4"
        quick.db: "^7.1.2"
        quick.hook: "^1.5.1"
        request: "^2.88.2"
        request-promise-native: "^1.0.9"
        simple-youtube-api: "^5.2.1"
        speedtest-net: "^2.1.0"
        sqlite3: "^5.0.0"
        steam-market-search: "^1.1.2"
        steam-provider: "^0.2.0"
        superagent: "^6.1.0"
        table: "^6.0.4"
        tempy: "^0.7.1"
        useful-package: "^0.0.64"
        useful-tools: "^0.2.6"
        user-instagram: "^2.1.8"
        xml2js: "^0.4.23"
        xmlhttprequest: "^1.8.0"
        yodasay: "^1.1.9"
        ytdl-core: "^4.1.1"
      engines: 
        node: "12.x"
      repository: 
        type: "git"
        url: "git+https://github.com/An-Idiots-Guide/guidebot.git"
      author: 
        name: "Evelyne Lachance"
        email: "eslachance@gmail.com"
        url: "http://evie.codes"
      contributors: 
        - 
          name: "York"
          url: "http://anidiots.guide"
      license: "MIT"
      bugs: 
        url: "https://github.com/An-Idiots-Guide/guidebot/issues"
      homepage: "https://github.com/An-Idiots-Guide/guidebot#readme"
      keywords: 
        - "node"
        - "glitch"
        - "express"
      gitHead: "e972db26da73de0eb32a43829829c11086696769"
      readme: "ERROR: No README data found!"
      _id: "hello-express@0.0.1"
    prefix: "/app"
  3 debug pnpm:stage: 
    prefix: "/app"
    stage: "resolution_started"
  4 debug pnpm:progress: 
    packageId: "registry.npmjs.org/array-sort/1.0.0"
    requester: "/app"
    status: "resolved"
  5 debug pnpm:progress: 
    packageId: "registry.npmjs.org/discord.js/12.5.1"
    requester: "/app"
    status: "resolved"
  6 debug pnpm:deprecation: 
    deprecated: "Module is no longer maintained"
    depth: 0
    pkgId: "registry.npmjs.org/dblapi.js/2.4.1"
    pkgName: "dblapi.js"
    pkgVersion: "2.4.1"
    prefix: "/app"
  7 debug pnpm:progress: 
    packageId: "registry.npmjs.org/dblapi.js/2.4.1"
    requester: "/app"
    status: "resolved"
  8 debug pnpm:progress: 
    packageId: "registry.npmjs.org/array-sort/1.0.0"
    requester: "/app"
    status: "found_in_store"
  9 debug pnpm:progress: 
    packageId: "registry.npmjs.org/ejs/3.1.5"
    requester: "/app"
    status: "resolved"
  10 debug pnpm:progress: 
    packageId: "registry.npmjs.org/express/4.17.1"
    requester: "/app"
    status: "resolved"
  11 debug pnpm:progress: 
    packageId: "registry.npmjs.org/cpu-stat/2.0.1"
    requester: "/app"
    status: "resolved"
  12 debug pnpm:progress: 
    packageId: "registry.npmjs.org/cleverbot.io/1.0.4"
    requester: "/app"
    status: "resolved"
  13 debug pnpm:progress: 
    packageId: "registry.npmjs.org/bootstrap/4.5.3"
    requester: "/app"
    status: "resolved"
  14 debug pnpm:progress: 
    packageId: "registry.npmjs.org/cowsay/1.4.0"
    requester: "/app"
    status: "resolved"
  15 debug pnpm:progress: 
    packageId: "registry.npmjs.org/chalk/4.1.0"
    requester: "/app"
    status: "resolved"
  16 debug pnpm:progress: 
    packageId: "registry.npmjs.org/common-tags/1.8.0"
    requester: "/app"
    status: "resolved"
  17 debug pnpm:progress: 
    packageId: "registry.npmjs.org/cli-table/0.3.1"
    requester: "/app"
    status: "resolved"
  18 debug pnpm:progress: 
    packageId: "registry.npmjs.org/express-session/1.17.1"
    requester: "/app"
    status: "resolved"
  19 debug pnpm:progress: 
    packageId: "registry.npmjs.org/discord-anti-spam-tr/0.7.4"
    requester: "/app"
    status: "resolved"
  20 debug pnpm:progress: 
    packageId: "registry.npmjs.org/discord.js-music-v11/1.3.4"
    requester: "/app"
    status: "resolved"
  21 debug pnpm:progress: 
    packageId: "registry.npmjs.org/canvas-constructor/4.1.0"
    requester: "/app"
    status: "resolved"
  22 debug pnpm:progress: 
    packageId: "registry.npmjs.org/discord.js-sharder/1.0.6"
    requester: "/app"
    status: "resolved"
  23 debug pnpm:progress: 
    packageId: "registry.npmjs.org/dblapi.js/2.4.1"
    requester: "/app"
    status: "found_in_store"
  24 debug pnpm:progress: 
    packageId: "registry.npmjs.org/discord.js/12.5.1"
    requester: "/app"
    status: "found_in_store"
  25 debug pnpm:progress: 
    packageId: "registry.npmjs.org/canvas/2.6.1"
    requester: "/app"
    status: "resolved"
  26 debug pnpm:progress: 
    packageId: "registry.npmjs.org/funny-words/0.1.2"
    requester: "/app"
    status: "resolved"
  27 debug pnpm:progress: 
    packageId: "registry.npmjs.org/generate-password/1.5.1"
    requester: "/app"
    status: "resolved"
  28 debug pnpm:progress: 
    packageId: "registry.npmjs.org/gifencoder/2.0.1"
    requester: "/app"
    status: "resolved"
  29 debug pnpm:progress: 
    packageId: "registry.npmjs.org/google-tts-api/0.0.5"
    requester: "/app"
    status: "resolved"
  30 debug pnpm:progress: 
    packageId: "registry.npmjs.org/hastebin-gen/2.0.5"
    requester: "/app"
    status: "resolved"
  31 debug pnpm:progress: 
    packageId: "registry.npmjs.org/helmet/4.2.0"
    requester: "/app"
    status: "resolved"
  32 debug pnpm:progress: 
    packageId: "registry.npmjs.org/figlet/1.5.0"
    requester: "/app"
    status: "resolved"
  33 debug pnpm:progress: 
    packageId: "registry.npmjs.org/ffmpeg/0.0.4"
    requester: "/app"
    status: "resolved"
  34 debug pnpm:progress: 
    packageId: "registry.npmjs.org/fortnite/4.3.2"
    requester: "/app"
    status: "resolved"
  35 debug pnpm:progress: 
    packageId: "registry.npmjs.org/fortnitetracker-7days-stats/3.3.1"
    requester: "/app"
    status: "resolved"
  36 debug pnpm:progress: 
    packageId: "registry.npmjs.org/@discordjs/collection/0.1.6"
    requester: "/app"
    status: "resolved"
  37 debug pnpm:progress: 
    packageId: "registry.npmjs.org/@discordjs/form-data/3.0.1"
    requester: "/app"
    status: "resolved"
  38 debug pnpm:progress: 
    packageId: "registry.npmjs.org/abort-controller/3.0.0"
    requester: "/app"
    status: "resolved"
  39 debug pnpm:progress: 
    packageId: "registry.npmjs.org/node-fetch/2.6.1"
    requester: "/app"
    status: "resolved"
  40 debug pnpm:progress: 
    packageId: "registry.npmjs.org/prism-media/1.2.2"
    requester: "/app"
    status: "resolved"
  41 debug pnpm:progress: 
    packageId: "registry.npmjs.org/setimmediate/1.0.5"
    requester: "/app"
    status: "resolved"
  42 debug pnpm:progress: 
    packageId: "registry.npmjs.org/tweetnacl/1.0.3"
    requester: "/app"
    status: "resolved"
  43 debug pnpm:progress: 
    packageId: "registry.npmjs.org/ws/7.4.0"
    requester: "/app"
    status: "resolved"
  44 debug pnpm:progress: 
    packageId: "registry.npmjs.org/better-sqlite3/7.1.1"
    requester: "/app"
    status: "resolved"
  45 debug pnpm:progress: 
    packageId: "registry.npmjs.org/json-server/0.16.3"
    requester: "/app"
    status: "resolved"
  46 debug pnpm:progress: 
    packageId: "registry.npmjs.org/level/6.0.1"
    requester: "/app"
    status: "resolved"
  47 debug pnpm:progress: 
    packageId: "registry.npmjs.org/level-session-store/2.2.0"
    requester: "/app"
    status: "resolved"
  48 debug pnpm:progress: 
    packageId: "registry.npmjs.org/marked/1.2.5"
    requester: "/app"
    status: "resolved"
  49 debug pnpm:progress: 
    packageId: "registry.npmjs.org/math-expression-evaluator/1.3.3"
    requester: "/app"
    status: "resolved"
  50 debug pnpm:deprecation: 
    deprecated: "Deprecated in favor of https://www.npmjs.com/package/mcping-js"
    depth: 0
    pkgId: "registry.npmjs.org/mc-ping-updated/0.1.1"
    pkgName: "mc-ping-updated"
    pkgVersion: "0.1.1"
    prefix: "/app"
  51 debug pnpm:progress: 
    packageId: "registry.npmjs.org/mc-ping-updated/0.1.1"
    requester: "/app"
    status: "resolved"
  52 debug pnpm:progress: 
    packageId: "registry.npmjs.org/moment/2.29.1"
    requester: "/app"
    status: "resolved"
  53 debug pnpm:progress: 
    packageId: "registry.npmjs.org/moment-duration-format/2.3.2"
    requester: "/app"
    status: "resolved"
  54 debug pnpm:progress: 
    packageId: "registry.npmjs.org/news-text/3.0.0"
    requester: "/app"
    status: "resolved"
  55 debug pnpm:progress: 
    packageId: "registry.npmjs.org/node-google-translate-skidz/1.1.2"
    requester: "/app"
    status: "resolved"
  56 debug pnpm:progress: 
    packageId: "registry.npmjs.org/node-superfetch/0.1.10"
    requester: "/app"
    status: "resolved"
  57 debug pnpm:progress: 
    packageId: "registry.npmjs.org/inquirer/7.3.3"
    requester: "/app"
    status: "resolved"
  58 debug pnpm:progress: 
    packageId: "registry.npmjs.org/instagram-user/2.0.1"
    requester: "/app"
    status: "resolved"
  59 debug pnpm:progress: 
    packageId: "registry.npmjs.org/isgd/1.1.3"
    requester: "/app"
    status: "resolved"
  60 debug pnpm:progress: 
    packageId: "registry.npmjs.org/ejs/3.1.5"
    requester: "/app"
    status: "found_in_store"
  61 debug pnpm:progress: 
    packageId: "registry.npmjs.org/jake/10.8.2"
    requester: "/app"
    status: "resolved"
  62 debug pnpm:progress: 
    packageId: "registry.npmjs.org/express/4.17.1"
    requester: "/app"
    status: "found_in_store"
  63 debug pnpm:progress: 
    packageId: "registry.npmjs.org/accepts/1.3.7"
    requester: "/app"
    status: "resolved"
  64 debug pnpm:progress: 
    packageId: "registry.npmjs.org/array-flatten/1.1.1"
    requester: "/app"
    status: "resolved"
  65 debug pnpm:progress: 
    packageId: "registry.npmjs.org/content-disposition/0.5.3"
    requester: "/app"
    status: "resolved"
  66 debug pnpm:progress: 
    packageId: "registry.npmjs.org/content-type/1.0.4"
    requester: "/app"
    status: "resolved"
  67 debug pnpm:progress: 
    packageId: "registry.npmjs.org/cookie/0.4.0"
    requester: "/app"
    status: "resolved"
  68 debug pnpm:progress: 
    packageId: "registry.npmjs.org/cookie-signature/1.0.6"
    requester: "/app"
    status: "resolved"
  69 debug pnpm:progress: 
    packageId: "registry.npmjs.org/depd/1.1.2"
    requester: "/app"
    status: "resolved"
  70 debug pnpm:progress: 
    packageId: "registry.npmjs.org/encodeurl/1.0.2"
    requester: "/app"
    status: "resolved"
  71 debug pnpm:progress: 
    packageId: "registry.npmjs.org/escape-html/1.0.3"
    requester: "/app"
    status: "resolved"
  72 debug pnpm:progress: 
    packageId: "registry.npmjs.org/etag/1.8.1"
    requester: "/app"
    status: "resolved"
  73 debug pnpm:progress: 
    packageId: "registry.npmjs.org/finalhandler/1.1.2"
    requester: "/app"
    status: "resolved"
  74 debug pnpm:progress: 
    packageId: "registry.npmjs.org/fresh/0.5.2"
    requester: "/app"
    status: "resolved"
  75 debug pnpm:deprecation: 
    deprecated: "ffmpeg-binaries is no longer being maintained. use ffmpeg-static, or just install ffmpeg"
    depth: 0
    pkgId: "registry.npmjs.org/ffmpeg-binaries/4.0.0"
    pkgName: "ffmpeg-binaries"
    pkgVersion: "4.0.0"
    prefix: "/app"
  76 debug pnpm:progress: 
    packageId: "registry.npmjs.org/ffmpeg-binaries/4.0.0"
    requester: "/app"
    status: "resolved"
  77 debug pnpm:progress: 
    packageId: "registry.npmjs.org/opusscript/0.0.7"
    requester: "/app"
    status: "resolved"
  78 debug pnpm:progress: 
    packageId: "registry.npmjs.org/parse-ms/2.1.0"
    requester: "/app"
    status: "resolved"
  79 debug pnpm:progress: 
    packageId: "registry.npmjs.org/pass/0.2.0"
    requester: "/app"
    status: "resolved"
  80 debug pnpm:progress: 
    packageId: "registry.npmjs.org/passport/0.4.1"
    requester: "/app"
    status: "resolved"
  81 debug pnpm:progress: 
    packageId: "registry.npmjs.org/passport-discord/0.1.4"
    requester: "/app"
    status: "resolved"
  82 debug pnpm:progress: 
    packageId: "registry.npmjs.org/path/0.12.7"
    requester: "/app"
    status: "resolved"
  83 debug pnpm:progress: 
    packageId: "registry.npmjs.org/performance-now/2.1.0"
    requester: "/app"
    status: "resolved"
  84 debug pnpm:progress: 
    packageId: "registry.npmjs.org/pokedex-api/1.1.2"
    requester: "/app"
    status: "resolved"
  85 debug pnpm:progress: 
    packageId: "registry.npmjs.org/jimp/0.16.1"
    requester: "/app"
    status: "resolved"
  86 debug pnpm:progress: 
    packageId: "registry.npmjs.org/npm/7.0.15"
    requester: "/app"
    status: "resolved"
  87 debug pnpm:deprecation: 
    deprecated: "request-promise-native has been deprecated because it extends the now deprecated request package, see https://github.com/request/request/issues/3142"
    depth: 0
    pkgId: "registry.npmjs.org/request-promise-native/1.0.9"
    pkgName: "request-promise-native"
    pkgVersion: "1.0.9"
    prefix: "/app"
  88 debug pnpm:progress: 
    packageId: "registry.npmjs.org/request-promise-native/1.0.9"
    requester: "/app"
    status: "resolved"
  89 debug pnpm:progress: 
    packageId: "registry.npmjs.org/quick.db/7.1.3"
    requester: "/app"
    status: "resolved"
  90 debug pnpm:progress: 
    packageId: "registry.npmjs.org/q/2.0.3"
    requester: "/app"
    status: "resolved"
  91 debug pnpm:deprecation: 
    deprecated: "request has been deprecated, see https://github.com/request/request/issues/3142"
    depth: 0
    pkgId: "registry.npmjs.org/request/2.88.2"
    pkgName: "request"
    pkgVersion: "2.88.2"
    prefix: "/app"
  92 debug pnpm:progress: 
    packageId: "registry.npmjs.org/request/2.88.2"
    requester: "/app"
    status: "resolved"
  93 debug pnpm:progress: 
    packageId: "registry.npmjs.org/quick.hook/1.5.1"
    requester: "/app"
    status: "resolved"
  94 debug pnpm:progress: 
    packageId: "registry.npmjs.org/user-instagram/2.1.8"
    requester: "/app"
    status: "resolved"
  95 debug pnpm:progress: 
    packageId: "registry.npmjs.org/simple-youtube-api/5.2.1"
    requester: "/app"
    status: "resolved"
  96 debug pnpm:progress: 
    packageId: "registry.npmjs.org/speedtest-net/2.1.1"
    requester: "/app"
    status: "resolved"
  97 debug pnpm:progress: 
    packageId: "registry.npmjs.org/table/6.0.4"
    requester: "/app"
    status: "resolved"
  98 debug pnpm:progress: 
    packageId: "registry.npmjs.org/steam-provider/0.2.0"
    requester: "/app"
    status: "resolved"
  99 debug pnpm:progress: 
    packageId: "registry.npmjs.org/tempy/0.7.1"
    requester: "/app"
    status: "resolved"
  100 debug pnpm:progress: 
    packageId: "registry.npmjs.org/superagent/6.1.0"
    requester: "/app"
    status: "resolved"
  101 debug pnpm:progress: 
    packageId: "registry.npmjs.org/steam-market-search/1.4.1"
    requester: "/app"
    status: "resolved"
  102 debug pnpm:progress: 
    packageId: "registry.npmjs.org/ytdl-core/4.1.1"
    requester: "/app"
    status: "resolved"
  103 debug pnpm:progress: 
    packageId: "registry.npmjs.org/default-compare/1.0.0"
    requester: "/app"
    status: "resolved"
  104 debug pnpm:progress: 
    packageId: "registry.npmjs.org/get-value/2.0.6"
    requester: "/app"
    status: "resolved"
  105 debug pnpm:progress: 
    packageId: "registry.npmjs.org/kind-of/5.1.0"
    requester: "/app"
    status: "resolved"
  106 debug pnpm:progress: 
    packageId: "registry.npmjs.org/xml2js/0.4.23"
    requester: "/app"
    status: "resolved"
  107 debug pnpm:deprecation: 
    deprecated: true
    depth: 0
    pkgId: "registry.npmjs.org/useful-tools/0.2.6"
    pkgName: "useful-tools"
    pkgVersion: "0.2.6"
    prefix: "/app"
  108 debug pnpm:progress: 
    packageId: "registry.npmjs.org/useful-tools/0.2.6"
    requester: "/app"
    status: "resolved"
  109 debug pnpm:progress: 
    packageId: "registry.npmjs.org/xmlhttprequest/1.8.0"
    requester: "/app"
    status: "resolved"
  110 debug pnpm:progress: 
    packageId: "registry.npmjs.org/yodasay/1.1.9"
    requester: "/app"
    status: "resolved"
  111 debug pnpm:progress: 
    packageId: "registry.npmjs.org/sqlite3/5.0.0"
    requester: "/app"
    status: "resolved"
  112 error pnpm: "Cannot read property 'latest' of undefined"
  113 debug pnpm:progress: 
    packageId: "registry.npmjs.org/merge-descriptors/1.0.1"
    requester: "/app"
    status: "resolved"
  114 debug pnpm:progress: 
    packageId: "registry.npmjs.org/methods/1.1.2"
    requester: "/app"
    status: "resolved"
  115 debug pnpm:progress: 
    packageId: "registry.npmjs.org/on-finished/2.3.0"
    requester: "/app"
    status: "resolved"
  116 debug pnpm:progress: 
    packageId: "registry.npmjs.org/parseurl/1.3.3"
    requester: "/app"
    status: "resolved"
  117 debug pnpm:progress: 
    packageId: "registry.npmjs.org/path-to-regexp/0.1.7"
    requester: "/app"
    status: "resolved"
  118 debug pnpm:progress: 
    packageId: "registry.npmjs.org/proxy-addr/2.0.6"
    requester: "/app"
    status: "resolved"
  119 debug pnpm:progress: 
    packageId: "registry.npmjs.org/qs/6.7.0"
    requester: "/app"
    status: "resolved"
  120 debug pnpm:progress: 
    packageId: "registry.npmjs.org/range-parser/1.2.1"
    requester: "/app"
    status: "resolved"
  121 debug pnpm:progress: 
    packageId: "registry.npmjs.org/qrcode/1.4.4"
    requester: "/app"
    status: "resolved"
  122 debug pnpm:progress: 
    packageId: "registry.npmjs.org/body-parser/1.19.0"
    requester: "/app"
    status: "resolved"
  123 debug pnpm:progress: 
    packageId: "registry.npmjs.org/debug/2.6.9"
    requester: "/app"
    status: "resolved"
